<?xml version="1.0" encoding="UTF-8"?>
<testsuite xmlns:xsi="http://www.w3.org/2001/XMLSchema-instance" xsi:noNamespaceSchemaLocation="https://maven.apache.org/surefire/maven-surefire-plugin/xsd/surefire-test-report-3.0.xsd" version="3.0" name="com.test.rpinfotest.OrdemDeServicoControllerTest" time="6.665" tests="5" errors="0" skipped="0" failures="0">
  <properties>
[...]
</properties>
  <testcase name="deveAdicionarUmaAnotacaoNaOrdemDeServico" classname="com.test.rpinfotest.OrdemDeServicoControllerTest" time="0.57">
    <system-out><![CDATA[19:40:02.330 [main] INFO org.springframework.test.context.support.AnnotationConfigContextLoaderUtils -- Could not detect default configuration classes for test class [com.test.rpinfotest.OrdemDeServicoControllerTest]: OrdemDeServicoControllerTest does not declare any static, non-private, non-final, nested classes annotated with @Configuration.
19:40:02.629 [main] INFO org.springframework.boot.test.context.SpringBootTestContextBootstrapper -- Found @SpringBootConfiguration com.test.rpinfotest.RpinfotestApplication for test class com.test.rpinfotest.OrdemDeServicoControllerTest

  .   ____          _            __ _ _
 /\\ / ___'_ __ _ _(_)_ __  __ _ \ \ \ \
( ( )\___ | '_ | '_| | '_ \/ _` | \ \ \ \
 \\/  ___)| |_)| | | | | || (_| |  ) ) ) )
  '  |____| .__|_| |_|_| |_\__, | / / / /
 =========|_|==============|___/=/_/_/_/

 :: Spring Boot ::                (v3.3.2)

2024-08-02T19:40:03.417-03:00  INFO 3012 --- [rpinfotest] [           main] c.t.r.OrdemDeServicoControllerTest       : Starting OrdemDeServicoControllerTest using Java 17.0.12 with PID 3012 (started by Pichau in C:\Users\Pichau\Desktop\rpinfotest)
2024-08-02T19:40:03.417-03:00  INFO 3012 --- [rpinfotest] [           main] c.t.r.OrdemDeServicoControllerTest       : No active profile set, falling back to 1 default profile: "default"
2024-08-02T19:40:07.915-03:00  INFO 3012 --- [rpinfotest] [           main] o.s.b.t.m.w.SpringBootMockServletContext : Initializing Spring TestDispatcherServlet ''
2024-08-02T19:40:07.915-03:00  INFO 3012 --- [rpinfotest] [           main] o.s.t.web.servlet.TestDispatcherServlet  : Initializing Servlet ''
2024-08-02T19:40:07.932-03:00  INFO 3012 --- [rpinfotest] [           main] o.s.t.web.servlet.TestDispatcherServlet  : Completed initialization in 0 ms
2024-08-02T19:40:07.982-03:00  INFO 3012 --- [rpinfotest] [           main] c.t.r.OrdemDeServicoControllerTest       : Started OrdemDeServicoControllerTest in 5.202 seconds (process running for 6.759)
]]></system-out>
  </testcase>
  <testcase name="deveListarTodasAsOrdensDeServico" classname="com.test.rpinfotest.OrdemDeServicoControllerTest" time="0.022"/>
  <testcase name="deveSalvarUmaOrdemDeServicoNaBase" classname="com.test.rpinfotest.OrdemDeServicoControllerTest" time="0.016"/>
  <testcase name="deveIniciarAManutencao" classname="com.test.rpinfotest.OrdemDeServicoControllerTest" time="0.031"/>
  <testcase name="deveFinalizarAManutencao" classname="com.test.rpinfotest.OrdemDeServicoControllerTest" time="0.016"/>
</testsuite>